Build started 3/8/2015 8:56:32 PM.
     1>Project "C:\Users\azizz\Documents\Visual Studio 2013\Projects\0. Spring 2015\HW5\HW5\HW5.vcxproj" on node 2 (Build target(s)).
     1>ClCompile:
         C:\Program Files (x86)\Microsoft Visual Studio 12.0\VC\bin\CL.exe /c /ZI /nologo /W3 /WX- /Od /Oy- /D WIN32 /D _DEBUG /D _CONSOLE /D _LIB /D _UNICODE /D UNICODE /Gm /EHsc /RTC1 /MDd /GS /fp:precise /Zc:wchar_t /Zc:forScope /Fo"Debug\\" /Fd"Debug\vc120.pdb" /Gd /TP /analyze- /errorReport:prompt Source.cpp
         Source.cpp
     1>c:\users\azizz\documents\visual studio 2013\projects\0. spring 2015\hw5\hw5\source.cpp(403): warning C4244: 'return' : conversion from 'const double' to 'int', possible loss of data
     1>c:\users\azizz\documents\visual studio 2013\projects\0. spring 2015\hw5\hw5\source.cpp(408): warning C4244: 'return' : conversion from 'const double' to 'int', possible loss of data
     1>c:\users\azizz\documents\visual studio 2013\projects\0. spring 2015\hw5\hw5\source.cpp(459): warning C4244: 'argument' : conversion from 'const double' to 'int', possible loss of data
     1>c:\users\azizz\documents\visual studio 2013\projects\0. spring 2015\hw5\hw5\source.cpp(460): warning C4244: 'argument' : conversion from 'const double' to 'int', possible loss of data
     1>c:\users\azizz\documents\visual studio 2013\projects\0. spring 2015\hw5\hw5\source.cpp(520): warning C4244: 'return' : conversion from 'double' to 'int', possible loss of data
     1>c:\users\azizz\documents\visual studio 2013\projects\0. spring 2015\hw5\hw5\source.cpp(525): warning C4244: 'argument' : conversion from 'const double' to 'int', possible loss of data
     1>c:\users\azizz\documents\visual studio 2013\projects\0. spring 2015\hw5\hw5\source.cpp(527): warning C4244: 'argument' : conversion from 'const double' to 'int', possible loss of data
     1>c:\users\azizz\documents\visual studio 2013\projects\0. spring 2015\hw5\hw5\source.cpp(529): warning C4244: 'argument' : conversion from 'const double' to 'int', possible loss of data
     1>c:\users\azizz\documents\visual studio 2013\projects\0. spring 2015\hw5\hw5\source.cpp(535): warning C4244: 'argument' : conversion from 'const double' to 'int', possible loss of data
     1>c:\users\azizz\documents\visual studio 2013\projects\0. spring 2015\hw5\hw5\source.cpp(537): warning C4244: 'argument' : conversion from 'const double' to 'int', possible loss of data
     1>c:\users\azizz\documents\visual studio 2013\projects\0. spring 2015\hw5\hw5\source.cpp(539): warning C4244: 'argument' : conversion from 'const double' to 'int', possible loss of data
     1>c:\users\azizz\documents\visual studio 2013\projects\0. spring 2015\hw5\hw5\source.cpp(587): warning C4244: 'argument' : conversion from 'const double' to 'int', possible loss of data
     1>c:\users\azizz\documents\visual studio 2013\projects\0. spring 2015\hw5\hw5\source.cpp(588): warning C4244: 'argument' : conversion from 'const double' to 'int', possible loss of data
     1>c:\users\azizz\documents\visual studio 2013\projects\0. spring 2015\hw5\hw5\source.cpp(589): warning C4244: 'argument' : conversion from 'const double' to 'int', possible loss of data
     1>c:\users\azizz\documents\visual studio 2013\projects\0. spring 2015\hw5\hw5\source.cpp(604): warning C4244: 'argument' : conversion from 'const double' to 'int', possible loss of data
     1>c:\users\azizz\documents\visual studio 2013\projects\0. spring 2015\hw5\hw5\source.cpp(605): warning C4244: 'argument' : conversion from 'const double' to 'int', possible loss of data
     1>c:\users\azizz\documents\visual studio 2013\projects\0. spring 2015\hw5\hw5\source.cpp(606): warning C4244: 'argument' : conversion from 'const double' to 'int', possible loss of data
     1>c:\users\azizz\documents\visual studio 2013\projects\0. spring 2015\hw5\hw5\source.cpp(632): warning C4244: 'argument' : conversion from 'double' to 'int', possible loss of data
     1>c:\users\azizz\documents\visual studio 2013\projects\0. spring 2015\hw5\hw5\source.cpp(643): warning C4244: 'argument' : conversion from 'double' to 'int', possible loss of data
       Link:
         C:\Program Files (x86)\Microsoft Visual Studio 12.0\VC\bin\link.exe /ERRORREPORT:PROMPT /OUT:"C:\Users\azizz\Documents\Visual Studio 2013\Projects\0. Spring 2015\HW5\Debug\HW5.exe" /INCREMENTAL /NOLOGO kernel32.lib user32.lib gdi32.lib winspool.lib comdlg32.lib advapi32.lib shell32.lib ole32.lib oleaut32.lib uuid.lib odbc32.lib odbccp32.lib /MANIFEST /MANIFESTUAC:"level='asInvoker' uiAccess='false'" /manifest:embed /DEBUG /PDB:"C:\Users\azizz\Documents\Visual Studio 2013\Projects\0. Spring 2015\HW5\Debug\HW5.pdb" /SUBSYSTEM:CONSOLE /TLBID:1 /DYNAMICBASE /NXCOMPAT /IMPLIB:"C:\Users\azizz\Documents\Visual Studio 2013\Projects\0. Spring 2015\HW5\Debug\HW5.lib" /MACHINE:X86 Debug\Source.obj
         HW5.vcxproj -> C:\Users\azizz\Documents\Visual Studio 2013\Projects\0. Spring 2015\HW5\Debug\HW5.exe
     1>Done Building Project "C:\Users\azizz\Documents\Visual Studio 2013\Projects\0. Spring 2015\HW5\HW5\HW5.vcxproj" (Build target(s)).

Build succeeded.

Time Elapsed 00:00:00.80
